TN:
SF:app/GildedRoseKata.ts
FN:1,Object.<anonymous>
FN:42,Item
FN:49,Object.<anonymous>.Item.toString
FN:61,ItemInMemoryProvider
FN:65,Object.<anonymous>.ItemInMemoryProvider.get
FN:67,GildedRose
FN:71,Object.<anonymous>.GildedRose.updateQuality
FN:128,main
FNF:8
FNH:8
FNDA:1,Object.<anonymous>
FNDA:17,Item
FNDA:6,Object.<anonymous>.Item.toString
FNDA:12,ItemInMemoryProvider
FNDA:12,Object.<anonymous>.ItemInMemoryProvider.get
FNDA:12,GildedRose
FNDA:12,Object.<anonymous>.GildedRose.updateQuality
FNDA:1,main
DA:1,1
DA:2,1
DA:3,1
DA:4,1
DA:5,1
DA:6,1
DA:7,1
DA:8,1
DA:9,1
DA:10,1
DA:11,1
DA:12,1
DA:13,1
DA:14,1
DA:15,1
DA:16,1
DA:17,1
DA:18,1
DA:19,1
DA:20,1
DA:21,1
DA:22,1
DA:23,1
DA:24,1
DA:25,1
DA:26,1
DA:27,1
DA:28,1
DA:29,1
DA:30,1
DA:31,1
DA:32,1
DA:33,1
DA:34,1
DA:35,1
DA:36,1
DA:37,1
DA:38,1
DA:39,1
DA:40,1
DA:41,1
DA:42,1
DA:43,17
DA:44,17
DA:45,17
DA:46,17
DA:47,1
DA:48,1
DA:49,6
DA:50,6
DA:51,6
DA:52,6
DA:53,6
DA:54,6
DA:55,1
DA:56,1
DA:57,1
DA:58,1
DA:59,1
DA:60,1
DA:61,1
DA:62,12
DA:63,12
DA:64,1
DA:65,1
DA:66,1
DA:67,1
DA:68,12
DA:69,1
DA:70,1
DA:71,1
DA:72,12
DA:73,12
DA:74,17
DA:75,17
DA:76,9
DA:77,7
DA:78,5
DA:79,7
DA:80,17
DA:81,8
DA:82,7
DA:83,7
DA:84,7
DA:85,5
DA:86,5
DA:87,5
DA:88,3
DA:89,3
DA:90,3
DA:91,3
DA:92,5
DA:93,5
DA:94,2
DA:95,7
DA:96,17
DA:97,17
DA:98,15
DA:99,17
DA:100,17
DA:101,4
DA:102,3
DA:103,3
DA:104,2
DA:105,1
DA:106,1
DA:107,1
DA:108,1
DA:109,1
DA:110,1
DA:111,1
DA:112,1
DA:113,1
DA:114,1
DA:115,1
DA:116,3
DA:117,1
DA:118,1
DA:119,4
DA:120,1
DA:121,1
DA:122,1
DA:123,1
DA:124,17
DA:125,17
DA:126,1
DA:127,1
DA:128,1
DA:129,1
DA:130,1
DA:131,1
LF:131
LH:131
BRDA:1,0,0,1
BRDA:1,1,0,1
BRDA:42,2,0,1
BRDA:42,3,0,17
BRDA:49,4,0,6
BRDA:59,5,0,1
BRDA:61,6,0,12
BRDA:65,7,0,12
BRDA:67,8,0,1
BRDA:67,9,0,12
BRDA:71,10,0,12
BRDA:73,11,0,17
BRDA:74,12,0,14
BRDA:75,13,0,9
BRDA:76,14,0,7
BRDA:77,15,0,5
BRDA:80,16,0,8
BRDA:81,17,0,7
BRDA:84,18,0,5
BRDA:87,19,0,3
BRDA:93,20,0,2
BRDA:97,21,0,15
BRDA:100,22,0,4
BRDA:101,23,0,3
BRDA:104,24,0,2
BRDA:104,25,0,1
BRDA:116,26,0,1
BRDA:119,27,0,1
BRDA:128,28,0,1
BRF:29
BRH:29
end_of_record
